

> @starter-club/flight-deck@0.1.0 build
> next build

[33m[1m⚠[22m[39m Warning: Next.js inferred your workspace root, but it may not be correct.
 We detected multiple lockfiles and selected the directory of /Users/stephenstokes/package-lock.json as the root directory.
 To silence this warning, set `turbopack.root` in your Next.js config, or consider removing one of the lockfiles if it's not needed.
   See https://nextjs.org/docs/app/api-reference/config/next-config-js/turbopack#root-directory for more information.
 Detected additional lockfiles: 
   * /Users/stephenstokes/Downloads/StarterClub/package-lock.json

[1m[38;2;173;127;168m▲ Next.js 16.1.6[39m[22m (Turbopack)
- Environments: .env.local
- Experiments (use with caution):
  · optimizePackageImports

[33m[1m⚠[22m[39m The "middleware" file convention is deprecated. Please use "proxy" instead. Learn more: https://nextjs.org/docs/messages/middleware-to-proxy
[37m[1m [22m[39m Creating an optimized production build ...
[32m[1m✓[22m[39m Compiled successfully in 22.4s
[37m[1m [22m[39m Skipping validation of types
[?25l[37m[1m [22m[39m Collecting page data using 7 workers  [36m.[39m[2K[1G[1A[2K[1G[1A[2K[1G[37m[1m [22m[39m Collecting page data using 7 workers  [36m..[39m[2K[1G[1A[2K[1G[1A[2K[1G[37m[1m [22m[39m Collecting page data using 7 workers  [36m...[39m[2K[1G[1A[2K[1G[1A[2K[1G[37m[1m [22m[39m Collecting page data using 7 workers  [36m.[39m[2K[1G[1A[2K[1G[1A[2K[1G[37m[1m [22m[39m Collecting page data using 7 workers  [36m..[39m[2K[1G[1A[2K[1G[1A[2K[1G[37m[1m [22m[39m Collecting page data using 7 workers  [36m...[39m[2K[1G[1A[2K[1G[1A[2K[1G[?25h[37m[1m [22m[39m Collecting page data using 7 workers in 1149.8ms    [32m[1m✓[22m[39m Collecting page data using 7 workers in 1149.8ms 
[?25l[37m[1m [22m[39m Generating static pages using 7 workers (0/8)  [36m[    ][39m[2K[1G[1A[2K[1G[1A[2K[1G[37m[1m [22m[39m Generating static pages using 7 workers (3/8)  [36m[=   ][39m[2K[1G[1A[2K[1G[1A[2K[1G[?25h[32m[1m✓[22m[39m Generating static pages using 7 workers (8/8) in 260.2ms
[?25l[37m[1m [22m[39m Finalizing page optimization  [36m.[39m[2K[1G[1A[2K[1G[37m[1m [22m[39m Finalizing page optimization  [36m..[39m[2K[1G[1A[2K[1G[37m[1m [22m[39m Finalizing page optimization  [36m...[39m[2K[1G[1A[2K[1G[37m[1m [22m[39m Finalizing page optimization  [36m.[39m[2K[1G[1A[2K[1G[37m[1m [22m[39m Finalizing page optimization  [36m..[39m[2K[1G[1A[2K[1G[37m[1m [22m[39m Finalizing page optimization  [36m...[39m[2K[1G[1A[2K[1G[?25h[37m[1m [22m[39m Finalizing page optimization in 1125.1ms    [32m[1m✓[22m[39m Finalizing page optimization in 1125.1ms 

[4mRoute (app)[24m
┌ ○ /
├ ○ /_not-found
├ ƒ /dashboard
├ ○ /dashboard/mission-control
├ ƒ /dashboard/my-board
├ ○ /dashboard/settings
└ ƒ /onboarding


ƒ Proxy (Middleware)

○  (Static)   prerendered as static content
ƒ  (Dynamic)  server-rendered on demand

[?25h⠙[1G[0K
